----------------------------------------Call Incoming (Any Number)0721359131 Unknown Caller (0721359131)
1. Data 23 December 2024
2. Ora: 12:11 pm  10 s
----------------------------------------Call Active (Any Number)0721359131 Unknown Caller (0721359131)
1. Data 23 December 2024
2. Ora: 12:11 pm  28 s
----------------------------------------Call Ended (Any Number)0721359131 Unknown Caller (0721359131)
1. Data 23 December 2024
2. Ora: 12:13 pm  24 s
----------------------------------------Call Incoming (Any Number)0744543492 Unknown Caller (0744543492)
1. Data 23 December 2024
2. Ora: 12:14 pm  38 s
----------------------------------------Call Active (Any Number)0744543492 Unknown Caller (0744543492)
1. Data 23 December 2024
2. Ora: 12:14 pm  45 s
----------------------------------------Call Ended (Any Number)0744543492 Unknown Caller (0744543492)
1. Data 23 December 2024
2. Ora: 12:15 pm  34 s
----------------------------------------Call Incoming (Any Number)0733897231 Unknown Caller (0733897231)
1. Data 23 December 2024
2. Ora: 12:16 pm  48 s
----------------------------------------Call Ended (Any Number)0733897231 Unknown Caller (0733897231)
1. Data 23 December 2024
2. Ora: 12:17 pm  15 s
----------------------------------------Call Missed (Any Number)0733897231 Unknown Caller (0733897231)
1. Data 23 December 2024
2. Ora: 12:17 pm  15 s
----------------------------------------Call Outgoing (Any Number)0733897231 Unknown Caller (0733897231)
1. Data 23 December 2024
2. Ora: 12:17 pm  23 s
----------------------------------------Call Active (Any Number)0733897231 Unknown Caller (0733897231)
1. Data 23 December 2024
2. Ora: 12:17 pm  24 s
----------------------------------------Call Ended (Any Number)0733897231 Unknown Caller (0733897231)
1. Data 23 December 2024
2. Ora: 12:17 pm  52 s
----------------------------------------Call Incoming (Any Number)0743335835 Unknown Caller (0743335835)
1. Data 23 December 2024
2. Ora: 13:00 pm  28 s
----------------------------------------Call Ended (Any Number)0743335835 Unknown Caller (0743335835)
1. Data 23 December 2024
2. Ora: 13:00 pm  50 s
----------------------------------------Call Missed (Any Number)0743335835 Unknown Caller (0743335835)
1. Data 23 December 2024
2. Ora: 13:00 pm  51 s
----------------------------------------Call Incoming (Any Number)0746581551 Unknown Caller (0746581551)
1. Data 23 December 2024
2. Ora: 13:02 pm  51 s
----------------------------------------Call Active (Any Number)0746581551 Unknown Caller (0746581551)
1. Data 23 December 2024
2. Ora: 13:03 pm  06 s
----------------------------------------Call Ended (Any Number)0746581551 Unknown Caller (0746581551)
1. Data 23 December 2024
2. Ora: 13:03 pm  34 s
----------------------------------------Call Outgoing (Any Number)0743335835 Unknown Caller (0743335835)
1. Data 23 December 2024
2. Ora: 13:07 pm  21 s
----------------------------------------Call Active (Any Number)0743335835 Unknown Caller (0743335835)
1. Data 23 December 2024
2. Ora: 13:07 pm  22 s
----------------------------------------Call Ended (Any Number)0743335835 Unknown Caller (0743335835)
1. Data 23 December 2024
2. Ora: 13:08 pm  10 s
----------------------------------------Call Outgoing (Any Number)0764640893 Unknown Caller (0764640893)
1. Data 23 December 2024
2. Ora: 13:09 pm  28 s
----------------------------------------Call Active (Any Number)0764640893 Unknown Caller (0764640893)
1. Data 23 December 2024
2. Ora: 13:09 pm  29 s
----------------------------------------Call Ended (Any Number)0764640893 Unknown Caller (0764640893)
1. Data 23 December 2024
2. Ora: 13:13 pm  44 s
----------------------------------------Call Incoming (Any Number)0769925173 Unknown Caller (0769925173)
1. Data 23 December 2024
2. Ora: 13:16 pm  39 s
----------------------------------------Call Active (Any Number)0769925173 Unknown Caller (0769925173)
1. Data 23 December 2024
2. Ora: 13:16 pm  52 s
----------------------------------------Call Ended (Any Number)0769925173 Unknown Caller (0769925173)
1. Data 23 December 2024
2. Ora: 13:20 pm  32 s
----------------------------------------Call Incoming (Any Number)0764640893 Unknown Caller (0764640893)
1. Data 23 December 2024
2. Ora: 13:48 pm  17 s
----------------------------------------Call Active (Any Number)0764640893 Unknown Caller (0764640893)
1. Data 23 December 2024
2. Ora: 13:48 pm  22 s
----------------------------------------Call Ended (Any Number)0764640893 Unknown Caller (0764640893)
1. Data 23 December 2024
2. Ora: 13:50 pm  09 s
----------------------------------------Call Incoming (Any Number)+393291029845 Unknown Caller (+393291029845)
1. Data 23 December 2024
2. Ora: 14:01 pm  51 s
----------------------------------------Call Active (Any Number)+393291029845 Unknown Caller (+393291029845)
1. Data 23 December 2024
2. Ora: 14:02 pm  11 s
----------------------------------------Call Ended (Any Number)+393291029845 Unknown Caller (+393291029845)
1. Data 23 December 2024
2. Ora: 14:03 pm  22 s
----------------------------------------Call Outgoing (Any Number)0786298890 Unknown Caller (0786298890)
1. Data 23 December 2024
2. Ora: 14:18 pm  44 s
----------------------------------------Call Active (Any Number)0786298890 Unknown Caller (0786298890)
1. Data 23 December 2024
2. Ora: 14:18 pm  45 s
----------------------------------------Call Ended (Any Number)0786298890 Unknown Caller (0786298890)
1. Data 23 December 2024
2. Ora: 14:20 pm  44 s



