----------------------------------------SMS:SMS from Any Number (Any Content) BT Info
 Salut,
Chitanta ta e aici:

BTPOS app
Suma(amount): 300,00 RON,
Comerciant(merchant): CARDIO HELP TEAM S R L,
Card: 1718,
RRN: 435815731743,
Terminal: E0100GSR,
Raspuns: Aprobata,
Data si Ora: 23/12/2024 17:55:11

1. Data 23 December 2024
2. Ora: 17:56 pm 16 s
----------------------------------------SMS:SMS Sent to [Orice număr de telefon] (Any Content) 0721359131
 Buna ziua! Vă mulțumim că ati sunat la Cardio Help Team! Asistenta noastră este ocupată în acest moment, dar va reveni cu un apel  telefonic in cel mai scurt timp.

Pentru alte informatii si programari online va invitam sa accesati website-ul nostru www.cardiohelpteam.ro

Va multumim, pe curand!

1. Data 23 December 2024
2. Ora: 18:15 pm 50 s
----------------------------------------SMS:SMS Sent to [Orice număr de telefon] (Any Content) 0746865239
 Buna ziua! Vă mulțumim că ati sunat la Cardio Help Team! Asistenta noastră este ocupată în acest moment, dar va reveni cu un apel  telefonic in cel mai scurt timp.

Pentru alte informatii si programari online va invitam sa accesati website-ul nostru www.cardiohelpteam.ro

Va multumim, pe curand!

1. Data 23 December 2024
2. Ora: 19:39 pm 38 s
----------------------------------------SMS:SMS Sent to [Orice număr de telefon] (Any Content) 0752200369
 Buna ziua! Vă mulțumim că ati sunat la Cardio Help Team! Asistenta noastră este ocupată în acest moment, dar va reveni cu un apel  telefonic in cel mai scurt timp.

Pentru alte informatii si programari online va invitam sa accesati website-ul nostru www.cardiohelpteam.ro

Va multumim, pe curand!

1. Data 26 December 2024
2. Ora: 8:45 am 59 s
----------------------------------------SMS:SMS Sent to [Orice număr de telefon] (Any Content) 0770312324
 Buna ziua! Vă mulțumim că ati sunat la Cardio Help Team! Asistenta noastră este ocupată în acest moment, dar va reveni cu un apel  telefonic in cel mai scurt timp.

Pentru alte informatii si programari online va invitam sa accesati website-ul nostru www.cardiohelpteam.ro

Va multumim, pe curand!

1. Data 26 December 2024
2. Ora: 12:06 pm 26 s
----------------------------------------SMS:SMS from Any Number (Any Content) +40745792397
 Buna ziua, oare aveti astazi program la cardiohelp alba iulia?

1. Data 27 December 2024
2. Ora: 10:17 am 00 s
----------------------------------------SMS:SMS Sent to [Orice număr de telefon] (Any Content) 0748640020
 Buna ziua! Vă mulțumim că ati sunat la Cardio Help Team! Asistenta noastră este ocupată în acest moment, dar va reveni cu un apel  telefonic in cel mai scurt timp.

Pentru alte informatii si programari online va invitam sa accesati website-ul nostru www.cardiohelpteam.ro

Va multumim, pe curand!

1. Data 27 December 2024
2. Ora: 10:18 am 56 s
----------------------------------------SMS:SMS from Any Number (Any Content) BT Info
 Salut,
Chitanta ta e aici:

BTPOS app
Suma(amount): 300,00 RON,
Comerciant(merchant): CARDIO HELP TEAM S R L,
Card: 8404,
RRN: 208193006951,
Terminal: E0100GSR,
Raspuns: Aprobata,
Data si Ora: 27/12/2024 10:36:30

1. Data 27 December 2024
2. Ora: 10:38 am 33 s
----------------------------------------SMS:SMS from Any Number (Any Content) BT Info
 Salut,
Chitanta ta e aici:
